<?xml version="1.0" encoding="UTF-8" ?>
<testsuite tests="3" failures="0" name="com.qea.aws.runner.AppTest" time="0.024" errors="2" skipped="0">
  <properties>
[...]
</properties>
  <testcase classname="Scenario: Perfrom all the steps defined in stepdefinition file." name="Given I launch app" time="0.005"/>
  <testcase classname="Scenario: Perfrom all the steps defined in stepdefinition file." name="When I click &quot;signInBtn&quot; on &quot;netflixHome&quot; screen" time="0.009">
    <error type="java.lang.NullPointerException">java.lang.NullPointerException
	at com.google.common.base.Preconditions.checkNotNull(Preconditions.java:770)
	at org.openqa.selenium.support.ui.FluentWait.&lt;init&gt;(FluentWait.java:96)
	at org.openqa.selenium.support.ui.WebDriverWait.&lt;init&gt;(WebDriverWait.java:71)
	at org.openqa.selenium.support.ui.WebDriverWait.&lt;init&gt;(WebDriverWait.java:45)
	at com.qea.aws.repo.Global.findElementType(Global.java:48)
	at com.qea.aws.repo.Global.genericClick(Global.java:136)
	at com.qea.aws.tests.StepDefinition.clickElement(StepDefinition.java:57)
	at ✽.When I click &quot;signInBtn&quot; on &quot;netflixHome&quot; screen(Test.feature:7)
</error>
    <system-out>Object property element 1 : XPATH
Object property element 2: /html/body/div/div/div[1]/a[2]
</system-out>
  </testcase>
  <testcase classname="Scenario: Perfrom all the steps defined in stepdefinition file." name="Scenario: Perfrom all the steps defined in stepdefinition file." time="0.01">
    <error type="java.lang.NullPointerException">java.lang.NullPointerException
	at com.google.common.base.Preconditions.checkNotNull(Preconditions.java:770)
	at org.openqa.selenium.support.ui.FluentWait.&lt;init&gt;(FluentWait.java:96)
	at org.openqa.selenium.support.ui.WebDriverWait.&lt;init&gt;(WebDriverWait.java:71)
	at org.openqa.selenium.support.ui.WebDriverWait.&lt;init&gt;(WebDriverWait.java:45)
	at com.qea.aws.repo.Global.findElementType(Global.java:48)
	at com.qea.aws.repo.Global.genericClick(Global.java:136)
	at com.qea.aws.tests.StepDefinition.clickElement(StepDefinition.java:57)
	at ✽.When I click &quot;signInBtn&quot; on &quot;netflixHome&quot; screen(Test.feature:7)
</error>
  </testcase>
</testsuite>